[0.324s] DEBUG:colcon:Command line arguments: ['/usr/bin/colcon', 'build', '--symlink-install']
[0.324s] DEBUG:colcon:Parsed command line arguments: Namespace(allow_overriding=[], ament_cmake_args=None, base_paths=['.'], build_base='build', catkin_cmake_args=None, catkin_skip_building_tests=False, cmake_args=None, cmake_clean_cache=False, cmake_clean_first=False, cmake_force_configure=False, cmake_target=None, cmake_target_skip_unavailable=False, continue_on_error=False, event_handlers=None, executor='parallel', ignore_user_meta=False, install_base='install', log_base=None, log_level=None, main=<bound method BuildVerb.main of <colcon_core.verb.build.BuildVerb object at 0x7fc078802130>>, merge_install=False, metas=['./colcon.meta'], packages_above=None, packages_above_and_dependencies=None, packages_above_depth=None, packages_end=None, packages_ignore=None, packages_ignore_regex=None, packages_select=None, packages_select_build_failed=False, packages_select_by_dep=None, packages_select_regex=None, packages_select_test_failures=False, packages_skip=None, packages_skip_build_finished=False, packages_skip_by_dep=None, packages_skip_regex=None, packages_skip_test_passed=False, packages_skip_up_to=None, packages_start=None, packages_up_to=None, packages_up_to_regex=None, parallel_workers=4, paths=None, symlink_install=True, test_result_base=None, verb_extension=<colcon_core.verb.build.BuildVerb object at 0x7fc078802130>, verb_name='build', verb_parser=<colcon_defaults.argument_parser.defaults.DefaultArgumentsDecorator object at 0x7fc078802670>)
[0.353s] Level 1:colcon.colcon_core.package_discovery:discover_packages(colcon_meta) check parameters
[0.353s] Level 1:colcon.colcon_core.package_discovery:discover_packages(recursive) check parameters
[0.353s] Level 1:colcon.colcon_core.package_discovery:discover_packages(ignore) check parameters
[0.353s] Level 1:colcon.colcon_core.package_discovery:discover_packages(path) check parameters
[0.353s] Level 1:colcon.colcon_core.package_discovery:discover_packages(colcon_meta) discover
[0.353s] Level 1:colcon.colcon_core.package_discovery:discover_packages(recursive) discover
[0.353s] INFO:colcon.colcon_core.package_discovery:Crawling recursively for packages in '/home/linux-dev/Desktop/FINAL WITH NAV/kbot_mk1'
[0.353s] Level 1:colcon.colcon_core.package_identification:_identify(.) by extensions ['ignore', 'ignore_ament_install']
[0.353s] Level 1:colcon.colcon_core.package_identification:_identify(.) by extension 'ignore'
[0.354s] Level 1:colcon.colcon_core.package_identification:_identify(.) by extension 'ignore_ament_install'
[0.354s] Level 1:colcon.colcon_core.package_identification:_identify(.) by extensions ['colcon_pkg']
[0.354s] Level 1:colcon.colcon_core.package_identification:_identify(.) by extension 'colcon_pkg'
[0.354s] Level 1:colcon.colcon_core.package_identification:_identify(.) by extensions ['colcon_meta']
[0.354s] Level 1:colcon.colcon_core.package_identification:_identify(.) by extension 'colcon_meta'
[0.354s] Level 1:colcon.colcon_core.package_identification:_identify(.) by extensions ['ros']
[0.354s] Level 1:colcon.colcon_core.package_identification:_identify(.) by extension 'ros'
[0.383s] Level 1:colcon.colcon_core.package_identification:_identify(.) by extensions ['cmake', 'python']
[0.383s] Level 1:colcon.colcon_core.package_identification:_identify(.) by extension 'cmake'
[0.383s] Level 1:colcon.colcon_core.package_identification:_identify(.) by extension 'python'
[0.383s] Level 1:colcon.colcon_core.package_identification:_identify(.) by extensions ['python_setup_py']
[0.383s] Level 1:colcon.colcon_core.package_identification:_identify(.) by extension 'python_setup_py'
[0.383s] Level 1:colcon.colcon_core.package_identification:_identify(build) by extensions ['ignore', 'ignore_ament_install']
[0.383s] Level 1:colcon.colcon_core.package_identification:_identify(build) by extension 'ignore'
[0.383s] Level 1:colcon.colcon_core.package_identification:_identify(build) ignored
[0.384s] Level 1:colcon.colcon_core.package_identification:_identify(install) by extensions ['ignore', 'ignore_ament_install']
[0.384s] Level 1:colcon.colcon_core.package_identification:_identify(install) by extension 'ignore'
[0.384s] Level 1:colcon.colcon_core.package_identification:_identify(install) ignored
[0.384s] Level 1:colcon.colcon_core.package_identification:_identify(log) by extensions ['ignore', 'ignore_ament_install']
[0.384s] Level 1:colcon.colcon_core.package_identification:_identify(log) by extension 'ignore'
[0.384s] Level 1:colcon.colcon_core.package_identification:_identify(log) ignored
[0.384s] Level 1:colcon.colcon_core.package_identification:_identify(pico_fw) by extensions ['ignore', 'ignore_ament_install']
[0.384s] Level 1:colcon.colcon_core.package_identification:_identify(pico_fw) by extension 'ignore'
[0.384s] Level 1:colcon.colcon_core.package_identification:_identify(pico_fw) by extension 'ignore_ament_install'
[0.384s] Level 1:colcon.colcon_core.package_identification:_identify(pico_fw) by extensions ['colcon_pkg']
[0.385s] Level 1:colcon.colcon_core.package_identification:_identify(pico_fw) by extension 'colcon_pkg'
[0.385s] Level 1:colcon.colcon_core.package_identification:_identify(pico_fw) by extensions ['colcon_meta']
[0.385s] Level 1:colcon.colcon_core.package_identification:_identify(pico_fw) by extension 'colcon_meta'
[0.385s] Level 1:colcon.colcon_core.package_identification:_identify(pico_fw) by extensions ['ros']
[0.385s] Level 1:colcon.colcon_core.package_identification:_identify(pico_fw) by extension 'ros'
[0.385s] Level 1:colcon.colcon_core.package_identification:_identify(pico_fw) by extensions ['cmake', 'python']
[0.385s] Level 1:colcon.colcon_core.package_identification:_identify(pico_fw) by extension 'cmake'
[0.385s] Level 1:colcon.colcon_core.package_identification:_identify(pico_fw) by extension 'python'
[0.385s] Level 1:colcon.colcon_core.package_identification:_identify(pico_fw) by extensions ['python_setup_py']
[0.385s] Level 1:colcon.colcon_core.package_identification:_identify(pico_fw) by extension 'python_setup_py'
[0.385s] Level 1:colcon.colcon_core.package_identification:_identify(src) by extensions ['ignore', 'ignore_ament_install']
[0.385s] Level 1:colcon.colcon_core.package_identification:_identify(src) by extension 'ignore'
[0.385s] Level 1:colcon.colcon_core.package_identification:_identify(src) by extension 'ignore_ament_install'
[0.386s] Level 1:colcon.colcon_core.package_identification:_identify(src) by extensions ['colcon_pkg']
[0.386s] Level 1:colcon.colcon_core.package_identification:_identify(src) by extension 'colcon_pkg'
[0.386s] Level 1:colcon.colcon_core.package_identification:_identify(src) by extensions ['colcon_meta']
[0.386s] Level 1:colcon.colcon_core.package_identification:_identify(src) by extension 'colcon_meta'
[0.386s] Level 1:colcon.colcon_core.package_identification:_identify(src) by extensions ['ros']
[0.386s] Level 1:colcon.colcon_core.package_identification:_identify(src) by extension 'ros'
[0.386s] Level 1:colcon.colcon_core.package_identification:_identify(src) by extensions ['cmake', 'python']
[0.386s] Level 1:colcon.colcon_core.package_identification:_identify(src) by extension 'cmake'
[0.386s] Level 1:colcon.colcon_core.package_identification:_identify(src) by extension 'python'
[0.386s] Level 1:colcon.colcon_core.package_identification:_identify(src) by extensions ['python_setup_py']
[0.386s] Level 1:colcon.colcon_core.package_identification:_identify(src) by extension 'python_setup_py'
[0.386s] Level 1:colcon.colcon_core.package_identification:_identify(src/kbot) by extensions ['ignore', 'ignore_ament_install']
[0.386s] Level 1:colcon.colcon_core.package_identification:_identify(src/kbot) by extension 'ignore'
[0.386s] Level 1:colcon.colcon_core.package_identification:_identify(src/kbot) by extension 'ignore_ament_install'
[0.386s] Level 1:colcon.colcon_core.package_identification:_identify(src/kbot) by extensions ['colcon_pkg']
[0.386s] Level 1:colcon.colcon_core.package_identification:_identify(src/kbot) by extension 'colcon_pkg'
[0.386s] Level 1:colcon.colcon_core.package_identification:_identify(src/kbot) by extensions ['colcon_meta']
[0.386s] Level 1:colcon.colcon_core.package_identification:_identify(src/kbot) by extension 'colcon_meta'
[0.386s] Level 1:colcon.colcon_core.package_identification:_identify(src/kbot) by extensions ['ros']
[0.386s] Level 1:colcon.colcon_core.package_identification:_identify(src/kbot) by extension 'ros'
[0.389s] DEBUG:colcon.colcon_core.package_identification:Package 'src/kbot' with type 'ros.ament_cmake' and name 'kbot'
[0.389s] Level 1:colcon.colcon_core.package_discovery:discover_packages(recursive) using defaults
[0.389s] Level 1:colcon.colcon_core.package_discovery:discover_packages(ignore) discover
[0.389s] Level 1:colcon.colcon_core.package_discovery:discover_packages(ignore) using defaults
[0.389s] Level 1:colcon.colcon_core.package_discovery:discover_packages(path) discover
[0.389s] Level 1:colcon.colcon_core.package_discovery:discover_packages(path) using defaults
[0.413s] Level 1:colcon.colcon_core.package_discovery:discover_packages(prefix_path) check parameters
[0.413s] Level 1:colcon.colcon_core.package_discovery:discover_packages(prefix_path) discover
[0.417s] DEBUG:colcon.colcon_installed_package_information.package_discovery:Found 296 installed packages in /opt/ros/foxy
[0.419s] Level 1:colcon.colcon_core.package_discovery:discover_packages(prefix_path) using defaults
[0.496s] Level 5:colcon.colcon_core.verb:set package 'kbot' build argument 'cmake_args' from command line to 'None'
[0.496s] Level 5:colcon.colcon_core.verb:set package 'kbot' build argument 'cmake_target' from command line to 'None'
[0.497s] Level 5:colcon.colcon_core.verb:set package 'kbot' build argument 'cmake_target_skip_unavailable' from command line to 'False'
[0.497s] Level 5:colcon.colcon_core.verb:set package 'kbot' build argument 'cmake_clean_cache' from command line to 'False'
[0.497s] Level 5:colcon.colcon_core.verb:set package 'kbot' build argument 'cmake_clean_first' from command line to 'False'
[0.497s] Level 5:colcon.colcon_core.verb:set package 'kbot' build argument 'cmake_force_configure' from command line to 'False'
[0.497s] Level 5:colcon.colcon_core.verb:set package 'kbot' build argument 'ament_cmake_args' from command line to 'None'
[0.497s] Level 5:colcon.colcon_core.verb:set package 'kbot' build argument 'catkin_cmake_args' from command line to 'None'
[0.497s] Level 5:colcon.colcon_core.verb:set package 'kbot' build argument 'catkin_skip_building_tests' from command line to 'False'
[0.497s] DEBUG:colcon.colcon_core.verb:Building package 'kbot' with the following arguments: {'ament_cmake_args': None, 'build_base': '/home/linux-dev/Desktop/FINAL WITH NAV/kbot_mk1/build/kbot', 'catkin_cmake_args': None, 'catkin_skip_building_tests': False, 'cmake_args': None, 'cmake_clean_cache': False, 'cmake_clean_first': False, 'cmake_force_configure': False, 'cmake_target': None, 'cmake_target_skip_unavailable': False, 'install_base': '/home/linux-dev/Desktop/FINAL WITH NAV/kbot_mk1/install/kbot', 'merge_install': False, 'path': '/home/linux-dev/Desktop/FINAL WITH NAV/kbot_mk1/src/kbot', 'symlink_install': True, 'test_result_base': None}
[0.498s] INFO:colcon.colcon_core.executor:Executing jobs using 'parallel' executor
[0.501s] DEBUG:colcon.colcon_parallel_executor.executor.parallel:run_until_complete
[0.502s] INFO:colcon.colcon_ros.task.ament_cmake.build:Building ROS package in '/home/linux-dev/Desktop/FINAL WITH NAV/kbot_mk1/src/kbot' with build type 'ament_cmake'
[0.502s] INFO:colcon.colcon_cmake.task.cmake.build:Building CMake package in '/home/linux-dev/Desktop/FINAL WITH NAV/kbot_mk1/src/kbot'
[0.506s] INFO:colcon.colcon_core.plugin_system:Skipping extension 'colcon_core.shell.bat': Not used on non-Windows systems
[0.507s] INFO:colcon.colcon_core.shell:Skip shell extension 'powershell' for command environment: Not usable outside of PowerShell
[0.507s] DEBUG:colcon.colcon_core.shell:Skip shell extension 'dsv' for command environment
[0.521s] DEBUG:colcon.colcon_core.event_handler.log_command:Invoking command in '/home/linux-dev/Desktop/FINAL WITH NAV/kbot_mk1/build/kbot': CMAKE_PREFIX_PATH=/opt/ros/foxy /usr/bin/cmake --build /home/linux-dev/Desktop/FINAL WITH NAV/kbot_mk1/build/kbot -- -j4 -l4
[0.568s] DEBUG:colcon.colcon_core.event_handler.log_command:Invoked command in '/home/linux-dev/Desktop/FINAL WITH NAV/kbot_mk1/build/kbot' returned '0': CMAKE_PREFIX_PATH=/opt/ros/foxy /usr/bin/cmake --build /home/linux-dev/Desktop/FINAL WITH NAV/kbot_mk1/build/kbot -- -j4 -l4
[0.611s] DEBUG:colcon.colcon_core.event_handler.log_command:Invoking command in '/home/linux-dev/Desktop/FINAL WITH NAV/kbot_mk1/build/kbot': CMAKE_PREFIX_PATH=/opt/ros/foxy /usr/bin/cmake --install /home/linux-dev/Desktop/FINAL WITH NAV/kbot_mk1/build/kbot
[0.700s] Level 1:colcon.colcon_core.environment:create_environment_scripts_only(kbot)
[0.701s] DEBUG:colcon.colcon_core.event_handler.log_command:Invoked command in '/home/linux-dev/Desktop/FINAL WITH NAV/kbot_mk1/build/kbot' returned '0': CMAKE_PREFIX_PATH=/opt/ros/foxy /usr/bin/cmake --install /home/linux-dev/Desktop/FINAL WITH NAV/kbot_mk1/build/kbot
[0.706s] Level 1:colcon.colcon_core.environment:checking '/home/linux-dev/Desktop/FINAL WITH NAV/kbot_mk1/install/kbot' for CMake module files
[0.706s] Level 1:colcon.colcon_core.environment:checking '/home/linux-dev/Desktop/FINAL WITH NAV/kbot_mk1/install/kbot' for CMake config files
[0.706s] Level 1:colcon.colcon_core.shell:create_environment_hook('kbot', 'cmake_prefix_path')
[0.708s] INFO:colcon.colcon_core.shell:Creating environment hook '/home/linux-dev/Desktop/FINAL WITH NAV/kbot_mk1/install/kbot/share/kbot/hook/cmake_prefix_path.ps1'
[0.708s] INFO:colcon.colcon_core.shell:Creating environment descriptor '/home/linux-dev/Desktop/FINAL WITH NAV/kbot_mk1/install/kbot/share/kbot/hook/cmake_prefix_path.dsv'
[0.709s] INFO:colcon.colcon_core.shell:Creating environment hook '/home/linux-dev/Desktop/FINAL WITH NAV/kbot_mk1/install/kbot/share/kbot/hook/cmake_prefix_path.sh'
[0.710s] Level 1:colcon.colcon_core.environment:checking '/home/linux-dev/Desktop/FINAL WITH NAV/kbot_mk1/install/kbot/lib'
[0.710s] Level 1:colcon.colcon_core.environment:checking '/home/linux-dev/Desktop/FINAL WITH NAV/kbot_mk1/install/kbot/bin'
[0.710s] Level 1:colcon.colcon_core.environment:checking '/home/linux-dev/Desktop/FINAL WITH NAV/kbot_mk1/install/kbot/lib/pkgconfig/kbot.pc'
[0.710s] Level 1:colcon.colcon_core.environment:checking '/home/linux-dev/Desktop/FINAL WITH NAV/kbot_mk1/install/kbot/lib/python3.8/site-packages'
[0.710s] Level 1:colcon.colcon_core.shell:create_environment_hook('kbot', 'pythonpath')
[0.712s] INFO:colcon.colcon_core.shell:Creating environment hook '/home/linux-dev/Desktop/FINAL WITH NAV/kbot_mk1/install/kbot/share/kbot/hook/pythonpath.ps1'
[0.713s] INFO:colcon.colcon_core.shell:Creating environment descriptor '/home/linux-dev/Desktop/FINAL WITH NAV/kbot_mk1/install/kbot/share/kbot/hook/pythonpath.dsv'
[0.713s] INFO:colcon.colcon_core.shell:Creating environment hook '/home/linux-dev/Desktop/FINAL WITH NAV/kbot_mk1/install/kbot/share/kbot/hook/pythonpath.sh'
[0.714s] Level 1:colcon.colcon_core.environment:checking '/home/linux-dev/Desktop/FINAL WITH NAV/kbot_mk1/install/kbot/bin'
[0.717s] INFO:colcon.colcon_core.shell:Creating package script '/home/linux-dev/Desktop/FINAL WITH NAV/kbot_mk1/install/kbot/share/kbot/package.ps1'
[0.718s] INFO:colcon.colcon_core.shell:Creating package descriptor '/home/linux-dev/Desktop/FINAL WITH NAV/kbot_mk1/install/kbot/share/kbot/package.dsv'
[0.719s] INFO:colcon.colcon_core.shell:Creating package script '/home/linux-dev/Desktop/FINAL WITH NAV/kbot_mk1/install/kbot/share/kbot/package.sh'
[0.720s] INFO:colcon.colcon_core.shell:Creating package script '/home/linux-dev/Desktop/FINAL WITH NAV/kbot_mk1/install/kbot/share/kbot/package.bash'
[0.721s] INFO:colcon.colcon_core.shell:Creating package script '/home/linux-dev/Desktop/FINAL WITH NAV/kbot_mk1/install/kbot/share/kbot/package.zsh'
[0.722s] Level 1:colcon.colcon_core.environment:create_file_with_runtime_dependencies(/home/linux-dev/Desktop/FINAL WITH NAV/kbot_mk1/install/kbot/share/colcon-core/packages/kbot)
[0.746s] Level 1:colcon.colcon_core.environment:create_environment_scripts_only(kbot)
[0.750s] Level 1:colcon.colcon_core.environment:checking '/home/linux-dev/Desktop/FINAL WITH NAV/kbot_mk1/install/kbot' for CMake module files
[0.751s] Level 1:colcon.colcon_core.environment:checking '/home/linux-dev/Desktop/FINAL WITH NAV/kbot_mk1/install/kbot' for CMake config files
[0.751s] Level 1:colcon.colcon_core.shell:create_environment_hook('kbot', 'cmake_prefix_path')
[0.754s] INFO:colcon.colcon_core.shell:Creating environment hook '/home/linux-dev/Desktop/FINAL WITH NAV/kbot_mk1/install/kbot/share/kbot/hook/cmake_prefix_path.ps1'
[0.755s] INFO:colcon.colcon_core.shell:Creating environment descriptor '/home/linux-dev/Desktop/FINAL WITH NAV/kbot_mk1/install/kbot/share/kbot/hook/cmake_prefix_path.dsv'
[0.755s] INFO:colcon.colcon_core.shell:Creating environment hook '/home/linux-dev/Desktop/FINAL WITH NAV/kbot_mk1/install/kbot/share/kbot/hook/cmake_prefix_path.sh'
[0.756s] Level 1:colcon.colcon_core.environment:checking '/home/linux-dev/Desktop/FINAL WITH NAV/kbot_mk1/install/kbot/lib'
[0.756s] Level 1:colcon.colcon_core.environment:checking '/home/linux-dev/Desktop/FINAL WITH NAV/kbot_mk1/install/kbot/bin'
[0.756s] Level 1:colcon.colcon_core.environment:checking '/home/linux-dev/Desktop/FINAL WITH NAV/kbot_mk1/install/kbot/lib/pkgconfig/kbot.pc'
[0.757s] Level 1:colcon.colcon_core.environment:checking '/home/linux-dev/Desktop/FINAL WITH NAV/kbot_mk1/install/kbot/lib/python3.8/site-packages'
[0.757s] Level 1:colcon.colcon_core.shell:create_environment_hook('kbot', 'pythonpath')
[0.759s] INFO:colcon.colcon_core.shell:Creating environment hook '/home/linux-dev/Desktop/FINAL WITH NAV/kbot_mk1/install/kbot/share/kbot/hook/pythonpath.ps1'
[0.759s] INFO:colcon.colcon_core.shell:Creating environment descriptor '/home/linux-dev/Desktop/FINAL WITH NAV/kbot_mk1/install/kbot/share/kbot/hook/pythonpath.dsv'
[0.760s] INFO:colcon.colcon_core.shell:Creating environment hook '/home/linux-dev/Desktop/FINAL WITH NAV/kbot_mk1/install/kbot/share/kbot/hook/pythonpath.sh'
[0.760s] Level 1:colcon.colcon_core.environment:checking '/home/linux-dev/Desktop/FINAL WITH NAV/kbot_mk1/install/kbot/bin'
[0.761s] INFO:colcon.colcon_core.shell:Creating package script '/home/linux-dev/Desktop/FINAL WITH NAV/kbot_mk1/install/kbot/share/kbot/package.ps1'
[0.762s] INFO:colcon.colcon_core.shell:Creating package descriptor '/home/linux-dev/Desktop/FINAL WITH NAV/kbot_mk1/install/kbot/share/kbot/package.dsv'
[0.762s] INFO:colcon.colcon_core.shell:Creating package script '/home/linux-dev/Desktop/FINAL WITH NAV/kbot_mk1/install/kbot/share/kbot/package.sh'
[0.763s] INFO:colcon.colcon_core.shell:Creating package script '/home/linux-dev/Desktop/FINAL WITH NAV/kbot_mk1/install/kbot/share/kbot/package.bash'
[0.763s] INFO:colcon.colcon_core.shell:Creating package script '/home/linux-dev/Desktop/FINAL WITH NAV/kbot_mk1/install/kbot/share/kbot/package.zsh'
[0.763s] Level 1:colcon.colcon_core.environment:create_file_with_runtime_dependencies(/home/linux-dev/Desktop/FINAL WITH NAV/kbot_mk1/install/kbot/share/colcon-core/packages/kbot)
[0.764s] DEBUG:colcon.colcon_parallel_executor.executor.parallel:closing loop
[0.764s] DEBUG:colcon.colcon_parallel_executor.executor.parallel:loop closed
[0.765s] DEBUG:colcon.colcon_parallel_executor.executor.parallel:run_until_complete finished with '0'
[0.765s] DEBUG:colcon.colcon_core.event_reactor:joining thread
[0.770s] INFO:colcon.colcon_core.plugin_system:Skipping extension 'colcon_notification.desktop_notification.terminal_notifier': Not used on non-Darwin systems
[0.770s] INFO:colcon.colcon_core.plugin_system:Skipping extension 'colcon_notification.desktop_notification.win32': Not used on non-Windows systems
[0.770s] INFO:colcon.colcon_notification.desktop_notification:Sending desktop notification using 'notify2'
[0.788s] DEBUG:colcon.colcon_core.event_reactor:joined thread
[0.790s] INFO:colcon.colcon_core.shell:Creating prefix script '/home/linux-dev/Desktop/FINAL WITH NAV/kbot_mk1/install/local_setup.ps1'
[0.791s] INFO:colcon.colcon_core.shell:Creating prefix util module '/home/linux-dev/Desktop/FINAL WITH NAV/kbot_mk1/install/_local_setup_util_ps1.py'
[0.792s] INFO:colcon.colcon_core.shell:Creating prefix chain script '/home/linux-dev/Desktop/FINAL WITH NAV/kbot_mk1/install/setup.ps1'
[0.793s] INFO:colcon.colcon_core.shell:Creating prefix script '/home/linux-dev/Desktop/FINAL WITH NAV/kbot_mk1/install/local_setup.sh'
[0.793s] INFO:colcon.colcon_core.shell:Creating prefix util module '/home/linux-dev/Desktop/FINAL WITH NAV/kbot_mk1/install/_local_setup_util_sh.py'
[0.794s] INFO:colcon.colcon_core.shell:Creating prefix chain script '/home/linux-dev/Desktop/FINAL WITH NAV/kbot_mk1/install/setup.sh'
[0.795s] INFO:colcon.colcon_core.shell:Creating prefix script '/home/linux-dev/Desktop/FINAL WITH NAV/kbot_mk1/install/local_setup.bash'
[0.795s] INFO:colcon.colcon_core.shell:Creating prefix chain script '/home/linux-dev/Desktop/FINAL WITH NAV/kbot_mk1/install/setup.bash'
[0.796s] INFO:colcon.colcon_core.shell:Creating prefix script '/home/linux-dev/Desktop/FINAL WITH NAV/kbot_mk1/install/local_setup.zsh'
[0.797s] INFO:colcon.colcon_core.shell:Creating prefix chain script '/home/linux-dev/Desktop/FINAL WITH NAV/kbot_mk1/install/setup.zsh'
