[1.042s] DEBUG:colcon:Command line arguments: ['/usr/bin/colcon', 'build', '--symlink-install']
[1.042s] DEBUG:colcon:Parsed command line arguments: Namespace(allow_overriding=[], ament_cmake_args=None, base_paths=['.'], build_base='build', catkin_cmake_args=None, catkin_skip_building_tests=False, cmake_args=None, cmake_clean_cache=False, cmake_clean_first=False, cmake_force_configure=False, cmake_target=None, cmake_target_skip_unavailable=False, continue_on_error=False, event_handlers=None, executor='parallel', ignore_user_meta=False, install_base='install', log_base=None, log_level=None, main=<bound method BuildVerb.main of <colcon_core.verb.build.BuildVerb object at 0x7f77ed2f8d00>>, merge_install=False, metas=['./colcon.meta'], packages_above=None, packages_above_and_dependencies=None, packages_above_depth=None, packages_end=None, packages_ignore=None, packages_ignore_regex=None, packages_select=None, packages_select_build_failed=False, packages_select_by_dep=None, packages_select_regex=None, packages_select_test_failures=False, packages_skip=None, packages_skip_build_finished=False, packages_skip_by_dep=None, packages_skip_regex=None, packages_skip_test_passed=False, packages_skip_up_to=None, packages_start=None, packages_up_to=None, packages_up_to_regex=None, parallel_workers=8, paths=None, symlink_install=True, test_result_base=None, verb_extension=<colcon_core.verb.build.BuildVerb object at 0x7f77ed2f8d00>, verb_name='build', verb_parser=<colcon_defaults.argument_parser.defaults.DefaultArgumentsDecorator object at 0x7f77ed3032b0>)
[1.085s] Level 1:colcon.colcon_core.package_discovery:discover_packages(colcon_meta) check parameters
[1.085s] Level 1:colcon.colcon_core.package_discovery:discover_packages(recursive) check parameters
[1.085s] Level 1:colcon.colcon_core.package_discovery:discover_packages(ignore) check parameters
[1.085s] Level 1:colcon.colcon_core.package_discovery:discover_packages(path) check parameters
[1.085s] Level 1:colcon.colcon_core.package_discovery:discover_packages(colcon_meta) discover
[1.085s] Level 1:colcon.colcon_core.package_discovery:discover_packages(recursive) discover
[1.085s] INFO:colcon.colcon_core.package_discovery:Crawling recursively for packages in '/home/linux-dev/Desktop/nav final/KBOT_NEW/GIT/kbot_mk1'
[1.085s] Level 1:colcon.colcon_core.package_identification:_identify(.) by extensions ['ignore', 'ignore_ament_install']
[1.085s] Level 1:colcon.colcon_core.package_identification:_identify(.) by extension 'ignore'
[1.086s] Level 1:colcon.colcon_core.package_identification:_identify(.) by extension 'ignore_ament_install'
[1.086s] Level 1:colcon.colcon_core.package_identification:_identify(.) by extensions ['colcon_pkg']
[1.086s] Level 1:colcon.colcon_core.package_identification:_identify(.) by extension 'colcon_pkg'
[1.086s] Level 1:colcon.colcon_core.package_identification:_identify(.) by extensions ['colcon_meta']
[1.086s] Level 1:colcon.colcon_core.package_identification:_identify(.) by extension 'colcon_meta'
[1.086s] Level 1:colcon.colcon_core.package_identification:_identify(.) by extensions ['ros']
[1.086s] Level 1:colcon.colcon_core.package_identification:_identify(.) by extension 'ros'
[1.140s] Level 1:colcon.colcon_core.package_identification:_identify(.) by extensions ['cmake', 'python']
[1.140s] Level 1:colcon.colcon_core.package_identification:_identify(.) by extension 'cmake'
[1.140s] Level 1:colcon.colcon_core.package_identification:_identify(.) by extension 'python'
[1.140s] Level 1:colcon.colcon_core.package_identification:_identify(.) by extensions ['python_setup_py']
[1.140s] Level 1:colcon.colcon_core.package_identification:_identify(.) by extension 'python_setup_py'
[1.141s] Level 1:colcon.colcon_core.package_identification:_identify(IMU Calibration) by extensions ['ignore', 'ignore_ament_install']
[1.141s] Level 1:colcon.colcon_core.package_identification:_identify(IMU Calibration) by extension 'ignore'
[1.141s] Level 1:colcon.colcon_core.package_identification:_identify(IMU Calibration) by extension 'ignore_ament_install'
[1.141s] Level 1:colcon.colcon_core.package_identification:_identify(IMU Calibration) by extensions ['colcon_pkg']
[1.141s] Level 1:colcon.colcon_core.package_identification:_identify(IMU Calibration) by extension 'colcon_pkg'
[1.141s] Level 1:colcon.colcon_core.package_identification:_identify(IMU Calibration) by extensions ['colcon_meta']
[1.141s] Level 1:colcon.colcon_core.package_identification:_identify(IMU Calibration) by extension 'colcon_meta'
[1.141s] Level 1:colcon.colcon_core.package_identification:_identify(IMU Calibration) by extensions ['ros']
[1.141s] Level 1:colcon.colcon_core.package_identification:_identify(IMU Calibration) by extension 'ros'
[1.141s] Level 1:colcon.colcon_core.package_identification:_identify(IMU Calibration) by extensions ['cmake', 'python']
[1.141s] Level 1:colcon.colcon_core.package_identification:_identify(IMU Calibration) by extension 'cmake'
[1.141s] Level 1:colcon.colcon_core.package_identification:_identify(IMU Calibration) by extension 'python'
[1.141s] Level 1:colcon.colcon_core.package_identification:_identify(IMU Calibration) by extensions ['python_setup_py']
[1.141s] Level 1:colcon.colcon_core.package_identification:_identify(IMU Calibration) by extension 'python_setup_py'
[1.141s] Level 1:colcon.colcon_core.package_identification:_identify(IMU Calibration/IMU_Server) by extensions ['ignore', 'ignore_ament_install']
[1.141s] Level 1:colcon.colcon_core.package_identification:_identify(IMU Calibration/IMU_Server) by extension 'ignore'
[1.141s] Level 1:colcon.colcon_core.package_identification:_identify(IMU Calibration/IMU_Server) by extension 'ignore_ament_install'
[1.142s] Level 1:colcon.colcon_core.package_identification:_identify(IMU Calibration/IMU_Server) by extensions ['colcon_pkg']
[1.142s] Level 1:colcon.colcon_core.package_identification:_identify(IMU Calibration/IMU_Server) by extension 'colcon_pkg'
[1.142s] Level 1:colcon.colcon_core.package_identification:_identify(IMU Calibration/IMU_Server) by extensions ['colcon_meta']
[1.142s] Level 1:colcon.colcon_core.package_identification:_identify(IMU Calibration/IMU_Server) by extension 'colcon_meta'
[1.142s] Level 1:colcon.colcon_core.package_identification:_identify(IMU Calibration/IMU_Server) by extensions ['ros']
[1.142s] Level 1:colcon.colcon_core.package_identification:_identify(IMU Calibration/IMU_Server) by extension 'ros'
[1.142s] Level 1:colcon.colcon_core.package_identification:_identify(IMU Calibration/IMU_Server) by extensions ['cmake', 'python']
[1.142s] Level 1:colcon.colcon_core.package_identification:_identify(IMU Calibration/IMU_Server) by extension 'cmake'
[1.142s] Level 1:colcon.colcon_core.package_identification:_identify(IMU Calibration/IMU_Server) by extension 'python'
[1.142s] Level 1:colcon.colcon_core.package_identification:_identify(IMU Calibration/IMU_Server) by extensions ['python_setup_py']
[1.142s] Level 1:colcon.colcon_core.package_identification:_identify(IMU Calibration/IMU_Server) by extension 'python_setup_py'
[1.142s] Level 1:colcon.colcon_core.package_identification:_identify(IMU Calibration/IMU_client_PC_) by extensions ['ignore', 'ignore_ament_install']
[1.142s] Level 1:colcon.colcon_core.package_identification:_identify(IMU Calibration/IMU_client_PC_) by extension 'ignore'
[1.142s] Level 1:colcon.colcon_core.package_identification:_identify(IMU Calibration/IMU_client_PC_) by extension 'ignore_ament_install'
[1.142s] Level 1:colcon.colcon_core.package_identification:_identify(IMU Calibration/IMU_client_PC_) by extensions ['colcon_pkg']
[1.142s] Level 1:colcon.colcon_core.package_identification:_identify(IMU Calibration/IMU_client_PC_) by extension 'colcon_pkg'
[1.142s] Level 1:colcon.colcon_core.package_identification:_identify(IMU Calibration/IMU_client_PC_) by extensions ['colcon_meta']
[1.142s] Level 1:colcon.colcon_core.package_identification:_identify(IMU Calibration/IMU_client_PC_) by extension 'colcon_meta'
[1.142s] Level 1:colcon.colcon_core.package_identification:_identify(IMU Calibration/IMU_client_PC_) by extensions ['ros']
[1.142s] Level 1:colcon.colcon_core.package_identification:_identify(IMU Calibration/IMU_client_PC_) by extension 'ros'
[1.143s] Level 1:colcon.colcon_core.package_identification:_identify(IMU Calibration/IMU_client_PC_) by extensions ['cmake', 'python']
[1.143s] Level 1:colcon.colcon_core.package_identification:_identify(IMU Calibration/IMU_client_PC_) by extension 'cmake'
[1.143s] Level 1:colcon.colcon_core.package_identification:_identify(IMU Calibration/IMU_client_PC_) by extension 'python'
[1.143s] Level 1:colcon.colcon_core.package_identification:_identify(IMU Calibration/IMU_client_PC_) by extensions ['python_setup_py']
[1.143s] Level 1:colcon.colcon_core.package_identification:_identify(IMU Calibration/IMU_client_PC_) by extension 'python_setup_py'
[1.143s] Level 1:colcon.colcon_core.package_identification:_identify(IMU Calibration/IMU_client_PC_/__pycache__) by extensions ['ignore', 'ignore_ament_install']
[1.143s] Level 1:colcon.colcon_core.package_identification:_identify(IMU Calibration/IMU_client_PC_/__pycache__) by extension 'ignore'
[1.143s] Level 1:colcon.colcon_core.package_identification:_identify(IMU Calibration/IMU_client_PC_/__pycache__) by extension 'ignore_ament_install'
[1.143s] Level 1:colcon.colcon_core.package_identification:_identify(IMU Calibration/IMU_client_PC_/__pycache__) by extensions ['colcon_pkg']
[1.143s] Level 1:colcon.colcon_core.package_identification:_identify(IMU Calibration/IMU_client_PC_/__pycache__) by extension 'colcon_pkg'
[1.143s] Level 1:colcon.colcon_core.package_identification:_identify(IMU Calibration/IMU_client_PC_/__pycache__) by extensions ['colcon_meta']
[1.143s] Level 1:colcon.colcon_core.package_identification:_identify(IMU Calibration/IMU_client_PC_/__pycache__) by extension 'colcon_meta'
[1.143s] Level 1:colcon.colcon_core.package_identification:_identify(IMU Calibration/IMU_client_PC_/__pycache__) by extensions ['ros']
[1.143s] Level 1:colcon.colcon_core.package_identification:_identify(IMU Calibration/IMU_client_PC_/__pycache__) by extension 'ros'
[1.143s] Level 1:colcon.colcon_core.package_identification:_identify(IMU Calibration/IMU_client_PC_/__pycache__) by extensions ['cmake', 'python']
[1.143s] Level 1:colcon.colcon_core.package_identification:_identify(IMU Calibration/IMU_client_PC_/__pycache__) by extension 'cmake'
[1.143s] Level 1:colcon.colcon_core.package_identification:_identify(IMU Calibration/IMU_client_PC_/__pycache__) by extension 'python'
[1.143s] Level 1:colcon.colcon_core.package_identification:_identify(IMU Calibration/IMU_client_PC_/__pycache__) by extensions ['python_setup_py']
[1.143s] Level 1:colcon.colcon_core.package_identification:_identify(IMU Calibration/IMU_client_PC_/__pycache__) by extension 'python_setup_py'
[1.144s] Level 1:colcon.colcon_core.package_identification:_identify(build) by extensions ['ignore', 'ignore_ament_install']
[1.144s] Level 1:colcon.colcon_core.package_identification:_identify(build) by extension 'ignore'
[1.144s] Level 1:colcon.colcon_core.package_identification:_identify(build) ignored
[1.144s] Level 1:colcon.colcon_core.package_identification:_identify(install) by extensions ['ignore', 'ignore_ament_install']
[1.144s] Level 1:colcon.colcon_core.package_identification:_identify(install) by extension 'ignore'
[1.144s] Level 1:colcon.colcon_core.package_identification:_identify(install) ignored
[1.144s] Level 1:colcon.colcon_core.package_identification:_identify(log) by extensions ['ignore', 'ignore_ament_install']
[1.144s] Level 1:colcon.colcon_core.package_identification:_identify(log) by extension 'ignore'
[1.144s] Level 1:colcon.colcon_core.package_identification:_identify(log) ignored
[1.144s] Level 1:colcon.colcon_core.package_identification:_identify(pico_fw) by extensions ['ignore', 'ignore_ament_install']
[1.145s] Level 1:colcon.colcon_core.package_identification:_identify(pico_fw) by extension 'ignore'
[1.145s] Level 1:colcon.colcon_core.package_identification:_identify(pico_fw) by extension 'ignore_ament_install'
[1.145s] Level 1:colcon.colcon_core.package_identification:_identify(pico_fw) by extensions ['colcon_pkg']
[1.145s] Level 1:colcon.colcon_core.package_identification:_identify(pico_fw) by extension 'colcon_pkg'
[1.145s] Level 1:colcon.colcon_core.package_identification:_identify(pico_fw) by extensions ['colcon_meta']
[1.145s] Level 1:colcon.colcon_core.package_identification:_identify(pico_fw) by extension 'colcon_meta'
[1.145s] Level 1:colcon.colcon_core.package_identification:_identify(pico_fw) by extensions ['ros']
[1.145s] Level 1:colcon.colcon_core.package_identification:_identify(pico_fw) by extension 'ros'
[1.145s] Level 1:colcon.colcon_core.package_identification:_identify(pico_fw) by extensions ['cmake', 'python']
[1.145s] Level 1:colcon.colcon_core.package_identification:_identify(pico_fw) by extension 'cmake'
[1.145s] Level 1:colcon.colcon_core.package_identification:_identify(pico_fw) by extension 'python'
[1.145s] Level 1:colcon.colcon_core.package_identification:_identify(pico_fw) by extensions ['python_setup_py']
[1.145s] Level 1:colcon.colcon_core.package_identification:_identify(pico_fw) by extension 'python_setup_py'
[1.146s] Level 1:colcon.colcon_core.package_identification:_identify(src) by extensions ['ignore', 'ignore_ament_install']
[1.146s] Level 1:colcon.colcon_core.package_identification:_identify(src) by extension 'ignore'
[1.146s] Level 1:colcon.colcon_core.package_identification:_identify(src) by extension 'ignore_ament_install'
[1.146s] Level 1:colcon.colcon_core.package_identification:_identify(src) by extensions ['colcon_pkg']
[1.146s] Level 1:colcon.colcon_core.package_identification:_identify(src) by extension 'colcon_pkg'
[1.146s] Level 1:colcon.colcon_core.package_identification:_identify(src) by extensions ['colcon_meta']
[1.146s] Level 1:colcon.colcon_core.package_identification:_identify(src) by extension 'colcon_meta'
[1.146s] Level 1:colcon.colcon_core.package_identification:_identify(src) by extensions ['ros']
[1.146s] Level 1:colcon.colcon_core.package_identification:_identify(src) by extension 'ros'
[1.146s] Level 1:colcon.colcon_core.package_identification:_identify(src) by extensions ['cmake', 'python']
[1.146s] Level 1:colcon.colcon_core.package_identification:_identify(src) by extension 'cmake'
[1.146s] Level 1:colcon.colcon_core.package_identification:_identify(src) by extension 'python'
[1.147s] Level 1:colcon.colcon_core.package_identification:_identify(src) by extensions ['python_setup_py']
[1.147s] Level 1:colcon.colcon_core.package_identification:_identify(src) by extension 'python_setup_py'
[1.147s] Level 1:colcon.colcon_core.package_identification:_identify(src/kbot) by extensions ['ignore', 'ignore_ament_install']
[1.147s] Level 1:colcon.colcon_core.package_identification:_identify(src/kbot) by extension 'ignore'
[1.147s] Level 1:colcon.colcon_core.package_identification:_identify(src/kbot) by extension 'ignore_ament_install'
[1.147s] Level 1:colcon.colcon_core.package_identification:_identify(src/kbot) by extensions ['colcon_pkg']
[1.147s] Level 1:colcon.colcon_core.package_identification:_identify(src/kbot) by extension 'colcon_pkg'
[1.147s] Level 1:colcon.colcon_core.package_identification:_identify(src/kbot) by extensions ['colcon_meta']
[1.147s] Level 1:colcon.colcon_core.package_identification:_identify(src/kbot) by extension 'colcon_meta'
[1.147s] Level 1:colcon.colcon_core.package_identification:_identify(src/kbot) by extensions ['ros']
[1.147s] Level 1:colcon.colcon_core.package_identification:_identify(src/kbot) by extension 'ros'
[1.162s] DEBUG:colcon.colcon_core.package_identification:Package 'src/kbot' with type 'ros.ament_cmake' and name 'kbot'
[1.162s] Level 1:colcon.colcon_core.package_discovery:discover_packages(recursive) using defaults
[1.162s] Level 1:colcon.colcon_core.package_discovery:discover_packages(ignore) discover
[1.162s] Level 1:colcon.colcon_core.package_discovery:discover_packages(ignore) using defaults
[1.162s] Level 1:colcon.colcon_core.package_discovery:discover_packages(path) discover
[1.162s] Level 1:colcon.colcon_core.package_discovery:discover_packages(path) using defaults
[1.197s] Level 1:colcon.colcon_core.package_discovery:discover_packages(prefix_path) check parameters
[1.197s] Level 1:colcon.colcon_core.package_discovery:discover_packages(prefix_path) discover
[1.256s] DEBUG:colcon.colcon_installed_package_information.package_discovery:Found 338 installed packages in /opt/ros/foxy
[1.258s] Level 1:colcon.colcon_core.package_discovery:discover_packages(prefix_path) using defaults
[2.171s] Level 5:colcon.colcon_core.verb:set package 'kbot' build argument 'cmake_args' from command line to 'None'
[2.171s] Level 5:colcon.colcon_core.verb:set package 'kbot' build argument 'cmake_target' from command line to 'None'
[2.171s] Level 5:colcon.colcon_core.verb:set package 'kbot' build argument 'cmake_target_skip_unavailable' from command line to 'False'
[2.171s] Level 5:colcon.colcon_core.verb:set package 'kbot' build argument 'cmake_clean_cache' from command line to 'False'
[2.171s] Level 5:colcon.colcon_core.verb:set package 'kbot' build argument 'cmake_clean_first' from command line to 'False'
[2.171s] Level 5:colcon.colcon_core.verb:set package 'kbot' build argument 'cmake_force_configure' from command line to 'False'
[2.171s] Level 5:colcon.colcon_core.verb:set package 'kbot' build argument 'ament_cmake_args' from command line to 'None'
[2.171s] Level 5:colcon.colcon_core.verb:set package 'kbot' build argument 'catkin_cmake_args' from command line to 'None'
[2.171s] Level 5:colcon.colcon_core.verb:set package 'kbot' build argument 'catkin_skip_building_tests' from command line to 'False'
[2.171s] DEBUG:colcon.colcon_core.verb:Building package 'kbot' with the following arguments: {'ament_cmake_args': None, 'build_base': '/home/linux-dev/Desktop/nav final/KBOT_NEW/GIT/kbot_mk1/build/kbot', 'catkin_cmake_args': None, 'catkin_skip_building_tests': False, 'cmake_args': None, 'cmake_clean_cache': False, 'cmake_clean_first': False, 'cmake_force_configure': False, 'cmake_target': None, 'cmake_target_skip_unavailable': False, 'install_base': '/home/linux-dev/Desktop/nav final/KBOT_NEW/GIT/kbot_mk1/install/kbot', 'merge_install': False, 'path': '/home/linux-dev/Desktop/nav final/KBOT_NEW/GIT/kbot_mk1/src/kbot', 'symlink_install': True, 'test_result_base': None}
[2.173s] INFO:colcon.colcon_core.executor:Executing jobs using 'parallel' executor
[2.179s] DEBUG:colcon.colcon_parallel_executor.executor.parallel:run_until_complete
[2.179s] INFO:colcon.colcon_ros.task.ament_cmake.build:Building ROS package in '/home/linux-dev/Desktop/nav final/KBOT_NEW/GIT/kbot_mk1/src/kbot' with build type 'ament_cmake'
[2.179s] INFO:colcon.colcon_cmake.task.cmake.build:Building CMake package in '/home/linux-dev/Desktop/nav final/KBOT_NEW/GIT/kbot_mk1/src/kbot'
[2.281s] INFO:colcon.colcon_core.plugin_system:Skipping extension 'colcon_core.shell.bat': Not used on non-Windows systems
[2.281s] INFO:colcon.colcon_core.shell:Skip shell extension 'powershell' for command environment: Not usable outside of PowerShell
[2.281s] DEBUG:colcon.colcon_core.shell:Skip shell extension 'dsv' for command environment
[2.319s] DEBUG:colcon.colcon_core.event_handler.log_command:Invoking command in '/home/linux-dev/Desktop/nav final/KBOT_NEW/GIT/kbot_mk1/build/kbot': CMAKE_PREFIX_PATH=/opt/ros/foxy /usr/bin/cmake /home/linux-dev/Desktop/nav final/KBOT_NEW/GIT/kbot_mk1/src/kbot -DAMENT_CMAKE_SYMLINK_INSTALL=1 -DCMAKE_INSTALL_PREFIX=/home/linux-dev/Desktop/nav final/KBOT_NEW/GIT/kbot_mk1/install/kbot
[7.479s] DEBUG:colcon.colcon_core.event_handler.log_command:Invoked command in '/home/linux-dev/Desktop/nav final/KBOT_NEW/GIT/kbot_mk1/build/kbot' returned '0': CMAKE_PREFIX_PATH=/opt/ros/foxy /usr/bin/cmake /home/linux-dev/Desktop/nav final/KBOT_NEW/GIT/kbot_mk1/src/kbot -DAMENT_CMAKE_SYMLINK_INSTALL=1 -DCMAKE_INSTALL_PREFIX=/home/linux-dev/Desktop/nav final/KBOT_NEW/GIT/kbot_mk1/install/kbot
[7.485s] DEBUG:colcon.colcon_core.event_handler.log_command:Invoking command in '/home/linux-dev/Desktop/nav final/KBOT_NEW/GIT/kbot_mk1/build/kbot': CMAKE_PREFIX_PATH=/opt/ros/foxy /usr/bin/cmake --build /home/linux-dev/Desktop/nav final/KBOT_NEW/GIT/kbot_mk1/build/kbot -- -j8 -l8
[7.538s] DEBUG:colcon.colcon_core.event_handler.log_command:Invoked command in '/home/linux-dev/Desktop/nav final/KBOT_NEW/GIT/kbot_mk1/build/kbot' returned '0': CMAKE_PREFIX_PATH=/opt/ros/foxy /usr/bin/cmake --build /home/linux-dev/Desktop/nav final/KBOT_NEW/GIT/kbot_mk1/build/kbot -- -j8 -l8
[7.576s] DEBUG:colcon.colcon_core.event_handler.log_command:Invoking command in '/home/linux-dev/Desktop/nav final/KBOT_NEW/GIT/kbot_mk1/build/kbot': CMAKE_PREFIX_PATH=/opt/ros/foxy /usr/bin/cmake --install /home/linux-dev/Desktop/nav final/KBOT_NEW/GIT/kbot_mk1/build/kbot
[8.014s] Level 1:colcon.colcon_core.environment:create_environment_scripts_only(kbot)
[8.015s] DEBUG:colcon.colcon_core.event_handler.log_command:Invoked command in '/home/linux-dev/Desktop/nav final/KBOT_NEW/GIT/kbot_mk1/build/kbot' returned '0': CMAKE_PREFIX_PATH=/opt/ros/foxy /usr/bin/cmake --install /home/linux-dev/Desktop/nav final/KBOT_NEW/GIT/kbot_mk1/build/kbot
[8.169s] Level 1:colcon.colcon_core.environment:checking '/home/linux-dev/Desktop/nav final/KBOT_NEW/GIT/kbot_mk1/install/kbot' for CMake module files
[8.170s] Level 1:colcon.colcon_core.environment:checking '/home/linux-dev/Desktop/nav final/KBOT_NEW/GIT/kbot_mk1/install/kbot' for CMake config files
[8.170s] Level 1:colcon.colcon_core.shell:create_environment_hook('kbot', 'cmake_prefix_path')
[8.173s] INFO:colcon.colcon_core.shell:Creating environment hook '/home/linux-dev/Desktop/nav final/KBOT_NEW/GIT/kbot_mk1/install/kbot/share/kbot/hook/cmake_prefix_path.ps1'
[8.184s] INFO:colcon.colcon_core.shell:Creating environment descriptor '/home/linux-dev/Desktop/nav final/KBOT_NEW/GIT/kbot_mk1/install/kbot/share/kbot/hook/cmake_prefix_path.dsv'
[8.196s] INFO:colcon.colcon_core.shell:Creating environment hook '/home/linux-dev/Desktop/nav final/KBOT_NEW/GIT/kbot_mk1/install/kbot/share/kbot/hook/cmake_prefix_path.sh'
[8.207s] Level 1:colcon.colcon_core.environment:checking '/home/linux-dev/Desktop/nav final/KBOT_NEW/GIT/kbot_mk1/install/kbot/lib'
[8.207s] Level 1:colcon.colcon_core.environment:checking '/home/linux-dev/Desktop/nav final/KBOT_NEW/GIT/kbot_mk1/install/kbot/bin'
[8.208s] Level 1:colcon.colcon_core.environment:checking '/home/linux-dev/Desktop/nav final/KBOT_NEW/GIT/kbot_mk1/install/kbot/lib/pkgconfig/kbot.pc'
[8.208s] Level 1:colcon.colcon_core.environment:checking '/home/linux-dev/Desktop/nav final/KBOT_NEW/GIT/kbot_mk1/install/kbot/lib/python3.8/site-packages'
[8.208s] Level 1:colcon.colcon_core.shell:create_environment_hook('kbot', 'pythonpath')
[8.211s] INFO:colcon.colcon_core.shell:Creating environment hook '/home/linux-dev/Desktop/nav final/KBOT_NEW/GIT/kbot_mk1/install/kbot/share/kbot/hook/pythonpath.ps1'
[8.211s] INFO:colcon.colcon_core.shell:Creating environment descriptor '/home/linux-dev/Desktop/nav final/KBOT_NEW/GIT/kbot_mk1/install/kbot/share/kbot/hook/pythonpath.dsv'
[8.212s] INFO:colcon.colcon_core.shell:Creating environment hook '/home/linux-dev/Desktop/nav final/KBOT_NEW/GIT/kbot_mk1/install/kbot/share/kbot/hook/pythonpath.sh'
[8.212s] Level 1:colcon.colcon_core.environment:checking '/home/linux-dev/Desktop/nav final/KBOT_NEW/GIT/kbot_mk1/install/kbot/bin'
[8.215s] INFO:colcon.colcon_core.shell:Creating package script '/home/linux-dev/Desktop/nav final/KBOT_NEW/GIT/kbot_mk1/install/kbot/share/kbot/package.ps1'
[8.228s] INFO:colcon.colcon_core.shell:Creating package descriptor '/home/linux-dev/Desktop/nav final/KBOT_NEW/GIT/kbot_mk1/install/kbot/share/kbot/package.dsv'
[8.241s] INFO:colcon.colcon_core.shell:Creating package script '/home/linux-dev/Desktop/nav final/KBOT_NEW/GIT/kbot_mk1/install/kbot/share/kbot/package.sh'
[8.254s] INFO:colcon.colcon_core.shell:Creating package script '/home/linux-dev/Desktop/nav final/KBOT_NEW/GIT/kbot_mk1/install/kbot/share/kbot/package.bash'
[8.267s] INFO:colcon.colcon_core.shell:Creating package script '/home/linux-dev/Desktop/nav final/KBOT_NEW/GIT/kbot_mk1/install/kbot/share/kbot/package.zsh'
[8.278s] Level 1:colcon.colcon_core.environment:create_file_with_runtime_dependencies(/home/linux-dev/Desktop/nav final/KBOT_NEW/GIT/kbot_mk1/install/kbot/share/colcon-core/packages/kbot)
[8.301s] Level 1:colcon.colcon_core.environment:create_environment_scripts_only(kbot)
[8.305s] Level 1:colcon.colcon_core.environment:checking '/home/linux-dev/Desktop/nav final/KBOT_NEW/GIT/kbot_mk1/install/kbot' for CMake module files
[8.306s] Level 1:colcon.colcon_core.environment:checking '/home/linux-dev/Desktop/nav final/KBOT_NEW/GIT/kbot_mk1/install/kbot' for CMake config files
[8.306s] Level 1:colcon.colcon_core.shell:create_environment_hook('kbot', 'cmake_prefix_path')
[8.309s] INFO:colcon.colcon_core.shell:Creating environment hook '/home/linux-dev/Desktop/nav final/KBOT_NEW/GIT/kbot_mk1/install/kbot/share/kbot/hook/cmake_prefix_path.ps1'
[8.309s] INFO:colcon.colcon_core.shell:Creating environment descriptor '/home/linux-dev/Desktop/nav final/KBOT_NEW/GIT/kbot_mk1/install/kbot/share/kbot/hook/cmake_prefix_path.dsv'
[8.310s] INFO:colcon.colcon_core.shell:Creating environment hook '/home/linux-dev/Desktop/nav final/KBOT_NEW/GIT/kbot_mk1/install/kbot/share/kbot/hook/cmake_prefix_path.sh'
[8.310s] Level 1:colcon.colcon_core.environment:checking '/home/linux-dev/Desktop/nav final/KBOT_NEW/GIT/kbot_mk1/install/kbot/lib'
[8.310s] Level 1:colcon.colcon_core.environment:checking '/home/linux-dev/Desktop/nav final/KBOT_NEW/GIT/kbot_mk1/install/kbot/bin'
[8.310s] Level 1:colcon.colcon_core.environment:checking '/home/linux-dev/Desktop/nav final/KBOT_NEW/GIT/kbot_mk1/install/kbot/lib/pkgconfig/kbot.pc'
[8.311s] Level 1:colcon.colcon_core.environment:checking '/home/linux-dev/Desktop/nav final/KBOT_NEW/GIT/kbot_mk1/install/kbot/lib/python3.8/site-packages'
[8.311s] Level 1:colcon.colcon_core.shell:create_environment_hook('kbot', 'pythonpath')
[8.313s] INFO:colcon.colcon_core.shell:Creating environment hook '/home/linux-dev/Desktop/nav final/KBOT_NEW/GIT/kbot_mk1/install/kbot/share/kbot/hook/pythonpath.ps1'
[8.314s] INFO:colcon.colcon_core.shell:Creating environment descriptor '/home/linux-dev/Desktop/nav final/KBOT_NEW/GIT/kbot_mk1/install/kbot/share/kbot/hook/pythonpath.dsv'
[8.320s] INFO:colcon.colcon_core.shell:Creating environment hook '/home/linux-dev/Desktop/nav final/KBOT_NEW/GIT/kbot_mk1/install/kbot/share/kbot/hook/pythonpath.sh'
[8.321s] Level 1:colcon.colcon_core.environment:checking '/home/linux-dev/Desktop/nav final/KBOT_NEW/GIT/kbot_mk1/install/kbot/bin'
[8.324s] INFO:colcon.colcon_core.shell:Creating package script '/home/linux-dev/Desktop/nav final/KBOT_NEW/GIT/kbot_mk1/install/kbot/share/kbot/package.ps1'
[8.324s] INFO:colcon.colcon_core.shell:Creating package descriptor '/home/linux-dev/Desktop/nav final/KBOT_NEW/GIT/kbot_mk1/install/kbot/share/kbot/package.dsv'
[8.325s] INFO:colcon.colcon_core.shell:Creating package script '/home/linux-dev/Desktop/nav final/KBOT_NEW/GIT/kbot_mk1/install/kbot/share/kbot/package.sh'
[8.325s] INFO:colcon.colcon_core.shell:Creating package script '/home/linux-dev/Desktop/nav final/KBOT_NEW/GIT/kbot_mk1/install/kbot/share/kbot/package.bash'
[8.326s] INFO:colcon.colcon_core.shell:Creating package script '/home/linux-dev/Desktop/nav final/KBOT_NEW/GIT/kbot_mk1/install/kbot/share/kbot/package.zsh'
[8.335s] Level 1:colcon.colcon_core.environment:create_file_with_runtime_dependencies(/home/linux-dev/Desktop/nav final/KBOT_NEW/GIT/kbot_mk1/install/kbot/share/colcon-core/packages/kbot)
[8.336s] DEBUG:colcon.colcon_parallel_executor.executor.parallel:closing loop
[8.336s] DEBUG:colcon.colcon_parallel_executor.executor.parallel:loop closed
[8.336s] DEBUG:colcon.colcon_parallel_executor.executor.parallel:run_until_complete finished with '0'
[8.336s] DEBUG:colcon.colcon_core.event_reactor:joining thread
[8.407s] INFO:colcon.colcon_core.plugin_system:Skipping extension 'colcon_notification.desktop_notification.terminal_notifier': Not used on non-Darwin systems
[8.407s] INFO:colcon.colcon_core.plugin_system:Skipping extension 'colcon_notification.desktop_notification.win32': Not used on non-Windows systems
[8.407s] INFO:colcon.colcon_notification.desktop_notification:Sending desktop notification using 'notify2'
[8.455s] DEBUG:colcon.colcon_core.event_reactor:joined thread
[8.461s] INFO:colcon.colcon_core.shell:Creating prefix script '/home/linux-dev/Desktop/nav final/KBOT_NEW/GIT/kbot_mk1/install/local_setup.ps1'
[8.465s] INFO:colcon.colcon_core.shell:Creating prefix util module '/home/linux-dev/Desktop/nav final/KBOT_NEW/GIT/kbot_mk1/install/_local_setup_util_ps1.py'
[8.478s] INFO:colcon.colcon_core.shell:Creating prefix chain script '/home/linux-dev/Desktop/nav final/KBOT_NEW/GIT/kbot_mk1/install/setup.ps1'
[8.492s] INFO:colcon.colcon_core.shell:Creating prefix script '/home/linux-dev/Desktop/nav final/KBOT_NEW/GIT/kbot_mk1/install/local_setup.sh'
[8.505s] INFO:colcon.colcon_core.shell:Creating prefix util module '/home/linux-dev/Desktop/nav final/KBOT_NEW/GIT/kbot_mk1/install/_local_setup_util_sh.py'
[8.507s] INFO:colcon.colcon_core.shell:Creating prefix chain script '/home/linux-dev/Desktop/nav final/KBOT_NEW/GIT/kbot_mk1/install/setup.sh'
[8.526s] INFO:colcon.colcon_core.shell:Creating prefix script '/home/linux-dev/Desktop/nav final/KBOT_NEW/GIT/kbot_mk1/install/local_setup.bash'
[8.538s] INFO:colcon.colcon_core.shell:Creating prefix chain script '/home/linux-dev/Desktop/nav final/KBOT_NEW/GIT/kbot_mk1/install/setup.bash'
[8.555s] INFO:colcon.colcon_core.shell:Creating prefix script '/home/linux-dev/Desktop/nav final/KBOT_NEW/GIT/kbot_mk1/install/local_setup.zsh'
[8.568s] INFO:colcon.colcon_core.shell:Creating prefix chain script '/home/linux-dev/Desktop/nav final/KBOT_NEW/GIT/kbot_mk1/install/setup.zsh'
