-- The C compiler identification is GNU 9.4.0
-- The CXX compiler identification is GNU 9.4.0
-- Check for working C compiler: /usr/bin/cc
-- Check for working C compiler: /usr/bin/cc -- works
-- Detecting C compiler ABI info
-- Detecting C compiler ABI info - done
-- Detecting C compile features
-- Detecting C compile features - done
-- Check for working CXX compiler: /usr/bin/c++
-- Check for working CXX compiler: /usr/bin/c++ -- works
-- Detecting CXX compiler ABI info
-- Detecting CXX compiler ABI info - done
-- Detecting CXX compile features
-- Detecting CXX compile features - done
-- Found ament_cmake: 0.9.11 (/opt/ros/foxy/share/ament_cmake/cmake)
-- Found PythonInterp: /usr/bin/python3 (found suitable version "3.8.10", minimum required is "3") 
-- Using PYTHON_EXECUTABLE: /usr/bin/python3
-- Override CMake install command with custom implementation using symlinks instead of copying resources
-- Found ament_lint_auto: 0.9.8 (/opt/ros/foxy/share/ament_lint_auto/cmake)
-- Added test 'copyright' to check source files copyright and LICENSE
-- Added test 'flake8' to check Python code syntax and style conventions
-- Added test 'lint_cmake' to check CMake code style
-- Added test 'pep257' to check Python code against some of the style conventions in PEP 257
-- Added test 'xmllint' to check XML markup files
-- Configuring done
-- Generating done
-- Build files have been written to: /home/linux-dev/Desktop/FINAL WITH NAV/kbot_mk1/build/kbot
-- Install configuration: ""
-- Execute custom install script
-- Symlinking: /home/linux-dev/Desktop/FINAL WITH NAV/kbot_mk1/install/kbot/share/kbot/environment/pythonpath.sh
-- Symlinking: /home/linux-dev/Desktop/FINAL WITH NAV/kbot_mk1/install/kbot/share/kbot/environment/pythonpath.dsv
-- Symlinking: /home/linux-dev/Desktop/FINAL WITH NAV/kbot_mk1/install/kbot/lib/python3.8/site-packages/kbot/__init__.py
-- Symlinking: /home/linux-dev/Desktop/FINAL WITH NAV/kbot_mk1/install/kbot/lib/kbot/kbot_rover.py
-- Symlinking: /home/linux-dev/Desktop/FINAL WITH NAV/kbot_mk1/install/kbot/share/kbot/config/joystick.yaml
-- Symlinking: /home/linux-dev/Desktop/FINAL WITH NAV/kbot_mk1/install/kbot/share/kbot/config/map_saver_params.yaml
-- Symlinking: /home/linux-dev/Desktop/FINAL WITH NAV/kbot_mk1/install/kbot/share/kbot/config/mapper_params_online_async.yaml
-- Symlinking: /home/linux-dev/Desktop/FINAL WITH NAV/kbot_mk1/install/kbot/share/kbot/description/inertia.xacro
-- Symlinking: /home/linux-dev/Desktop/FINAL WITH NAV/kbot_mk1/install/kbot/share/kbot/description/kbot_rover.xacro
-- Symlinking: /home/linux-dev/Desktop/FINAL WITH NAV/kbot_mk1/install/kbot/share/kbot/description/lidar.xacro
-- Symlinking: /home/linux-dev/Desktop/FINAL WITH NAV/kbot_mk1/install/kbot/share/kbot/description/robot.urdf.xacro
-- Symlinking: /home/linux-dev/Desktop/FINAL WITH NAV/kbot_mk1/install/kbot/share/kbot/launch/joystick_launch.py
-- Symlinking: /home/linux-dev/Desktop/FINAL WITH NAV/kbot_mk1/install/kbot/share/kbot/launch/kbot_rsp_launch.py
-- Symlinking: /home/linux-dev/Desktop/FINAL WITH NAV/kbot_mk1/install/kbot/share/kbot/launch/map_saver.py
-- Symlinking: /home/linux-dev/Desktop/FINAL WITH NAV/kbot_mk1/install/kbot/share/kbot/launch/slam_launch.py
-- Symlinking: /home/linux-dev/Desktop/FINAL WITH NAV/kbot_mk1/install/kbot/share/kbot/worlds/empty.world
-- Symlinking: /home/linux-dev/Desktop/FINAL WITH NAV/kbot_mk1/install/kbot/share/kbot/worlds/obstacles.world
-- Symlinking: /home/linux-dev/Desktop/FINAL WITH NAV/kbot_mk1/install/kbot/share/kbot/meshes/chassis_LP.stl
-- Symlinking: /home/linux-dev/Desktop/FINAL WITH NAV/kbot_mk1/install/kbot/share/kbot/meshes/wheel_L_LP.stl
-- Symlinking: /home/linux-dev/Desktop/FINAL WITH NAV/kbot_mk1/install/kbot/share/kbot/meshes/wheel_R_LP.stl
-- Symlinking: /home/linux-dev/Desktop/FINAL WITH NAV/kbot_mk1/install/kbot/share/ament_index/resource_index/package_run_dependencies/kbot
-- Symlinking: /home/linux-dev/Desktop/FINAL WITH NAV/kbot_mk1/install/kbot/share/ament_index/resource_index/parent_prefix_path/kbot
-- Symlinking: /home/linux-dev/Desktop/FINAL WITH NAV/kbot_mk1/install/kbot/share/kbot/environment/ament_prefix_path.sh
-- Symlinking: /home/linux-dev/Desktop/FINAL WITH NAV/kbot_mk1/install/kbot/share/kbot/environment/ament_prefix_path.dsv
-- Symlinking: /home/linux-dev/Desktop/FINAL WITH NAV/kbot_mk1/install/kbot/share/kbot/environment/path.sh
-- Symlinking: /home/linux-dev/Desktop/FINAL WITH NAV/kbot_mk1/install/kbot/share/kbot/environment/path.dsv
-- Symlinking: /home/linux-dev/Desktop/FINAL WITH NAV/kbot_mk1/install/kbot/share/kbot/local_setup.bash
-- Symlinking: /home/linux-dev/Desktop/FINAL WITH NAV/kbot_mk1/install/kbot/share/kbot/local_setup.sh
-- Symlinking: /home/linux-dev/Desktop/FINAL WITH NAV/kbot_mk1/install/kbot/share/kbot/local_setup.zsh
-- Symlinking: /home/linux-dev/Desktop/FINAL WITH NAV/kbot_mk1/install/kbot/share/kbot/local_setup.dsv
-- Symlinking: /home/linux-dev/Desktop/FINAL WITH NAV/kbot_mk1/install/kbot/share/kbot/package.dsv
-- Symlinking: /home/linux-dev/Desktop/FINAL WITH NAV/kbot_mk1/install/kbot/share/ament_index/resource_index/packages/kbot
-- Symlinking: /home/linux-dev/Desktop/FINAL WITH NAV/kbot_mk1/install/kbot/share/kbot/cmake/kbotConfig.cmake
-- Symlinking: /home/linux-dev/Desktop/FINAL WITH NAV/kbot_mk1/install/kbot/share/kbot/cmake/kbotConfig-version.cmake
-- Symlinking: /home/linux-dev/Desktop/FINAL WITH NAV/kbot_mk1/install/kbot/share/kbot/package.xml
Listing '/home/linux-dev/Desktop/FINAL WITH NAV/kbot_mk1/install/kbot/lib/python3.8/site-packages/kbot'...
Compiling '/home/linux-dev/Desktop/FINAL WITH NAV/kbot_mk1/install/kbot/lib/python3.8/site-packages/kbot/__init__.py'...
