[0.019s] Invoking command in '/home/linux-dev/Desktop/FINAL WITH NAV/kbot_mk1/build/kbot': CMAKE_PREFIX_PATH=/opt/ros/foxy /usr/bin/cmake /home/linux-dev/Desktop/FINAL WITH NAV/kbot_mk1/src/kbot -DAMENT_CMAKE_SYMLINK_INSTALL=1 -DCMAKE_INSTALL_PREFIX=/home/linux-dev/Desktop/FINAL WITH NAV/kbot_mk1/install/kbot
[0.281s] -- The C compiler identification is GNU 9.4.0
[0.496s] -- The CXX compiler identification is GNU 9.4.0
[0.506s] -- Check for working C compiler: /usr/bin/cc
[0.584s] -- Check for working C compiler: /usr/bin/cc -- works
[0.586s] -- Detecting C compiler ABI info
[0.659s] -- Detecting C compiler ABI info - done
[0.671s] -- Detecting C compile features
[0.671s] -- Detecting C compile features - done
[0.675s] -- Check for working CXX compiler: /usr/bin/c++
[0.761s] -- Check for working CXX compiler: /usr/bin/c++ -- works
[0.762s] -- Detecting CXX compiler ABI info
[0.845s] -- Detecting CXX compiler ABI info - done
[0.856s] -- Detecting CXX compile features
[0.857s] -- Detecting CXX compile features - done
[0.864s] -- Found ament_cmake: 0.9.11 (/opt/ros/foxy/share/ament_cmake/cmake)
[0.891s] -- Found PythonInterp: /usr/bin/python3 (found suitable version "3.8.10", minimum required is "3") 
[0.891s] -- Using PYTHON_EXECUTABLE: /usr/bin/python3
[1.071s] -- Override CMake install command with custom implementation using symlinks instead of copying resources
[1.108s] -- Found ament_lint_auto: 0.9.8 (/opt/ros/foxy/share/ament_lint_auto/cmake)
[1.248s] -- Added test 'copyright' to check source files copyright and LICENSE
[1.254s] -- Added test 'flake8' to check Python code syntax and style conventions
[1.255s] -- Added test 'lint_cmake' to check CMake code style
[1.256s] -- Added test 'pep257' to check Python code against some of the style conventions in PEP 257
[1.259s] -- Added test 'xmllint' to check XML markup files
[1.264s] -- Configuring done
[1.267s] -- Generating done
[1.268s] -- Build files have been written to: /home/linux-dev/Desktop/FINAL WITH NAV/kbot_mk1/build/kbot
[1.272s] Invoked command in '/home/linux-dev/Desktop/FINAL WITH NAV/kbot_mk1/build/kbot' returned '0': CMAKE_PREFIX_PATH=/opt/ros/foxy /usr/bin/cmake /home/linux-dev/Desktop/FINAL WITH NAV/kbot_mk1/src/kbot -DAMENT_CMAKE_SYMLINK_INSTALL=1 -DCMAKE_INSTALL_PREFIX=/home/linux-dev/Desktop/FINAL WITH NAV/kbot_mk1/install/kbot
[1.274s] Invoking command in '/home/linux-dev/Desktop/FINAL WITH NAV/kbot_mk1/build/kbot': CMAKE_PREFIX_PATH=/opt/ros/foxy /usr/bin/cmake --build /home/linux-dev/Desktop/FINAL WITH NAV/kbot_mk1/build/kbot -- -j4 -l4
[1.319s] Invoked command in '/home/linux-dev/Desktop/FINAL WITH NAV/kbot_mk1/build/kbot' returned '0': CMAKE_PREFIX_PATH=/opt/ros/foxy /usr/bin/cmake --build /home/linux-dev/Desktop/FINAL WITH NAV/kbot_mk1/build/kbot -- -j4 -l4
[1.353s] Invoking command in '/home/linux-dev/Desktop/FINAL WITH NAV/kbot_mk1/build/kbot': CMAKE_PREFIX_PATH=/opt/ros/foxy /usr/bin/cmake --install /home/linux-dev/Desktop/FINAL WITH NAV/kbot_mk1/build/kbot
[1.362s] -- Install configuration: ""
[1.362s] -- Execute custom install script
[1.363s] -- Symlinking: /home/linux-dev/Desktop/FINAL WITH NAV/kbot_mk1/install/kbot/share/kbot/environment/pythonpath.sh
[1.372s] -- Symlinking: /home/linux-dev/Desktop/FINAL WITH NAV/kbot_mk1/install/kbot/share/kbot/environment/pythonpath.dsv
[1.382s] -- Symlinking: /home/linux-dev/Desktop/FINAL WITH NAV/kbot_mk1/install/kbot/lib/python3.8/site-packages/kbot/__init__.py
[1.392s] -- Symlinking: /home/linux-dev/Desktop/FINAL WITH NAV/kbot_mk1/install/kbot/lib/kbot/kbot_rover.py
[1.402s] -- Symlinking: /home/linux-dev/Desktop/FINAL WITH NAV/kbot_mk1/install/kbot/share/kbot/config/joystick.yaml
[1.412s] -- Symlinking: /home/linux-dev/Desktop/FINAL WITH NAV/kbot_mk1/install/kbot/share/kbot/config/map_saver_params.yaml
[1.421s] -- Symlinking: /home/linux-dev/Desktop/FINAL WITH NAV/kbot_mk1/install/kbot/share/kbot/config/mapper_params_online_async.yaml
[1.431s] -- Symlinking: /home/linux-dev/Desktop/FINAL WITH NAV/kbot_mk1/install/kbot/share/kbot/description/inertia.xacro
[1.440s] -- Symlinking: /home/linux-dev/Desktop/FINAL WITH NAV/kbot_mk1/install/kbot/share/kbot/description/kbot_rover.xacro
[1.450s] -- Symlinking: /home/linux-dev/Desktop/FINAL WITH NAV/kbot_mk1/install/kbot/share/kbot/description/lidar.xacro
[1.459s] -- Symlinking: /home/linux-dev/Desktop/FINAL WITH NAV/kbot_mk1/install/kbot/share/kbot/description/robot.urdf.xacro
[1.469s] -- Symlinking: /home/linux-dev/Desktop/FINAL WITH NAV/kbot_mk1/install/kbot/share/kbot/launch/joystick_launch.py
[1.479s] -- Symlinking: /home/linux-dev/Desktop/FINAL WITH NAV/kbot_mk1/install/kbot/share/kbot/launch/kbot_rsp_launch.py
[1.488s] -- Symlinking: /home/linux-dev/Desktop/FINAL WITH NAV/kbot_mk1/install/kbot/share/kbot/launch/map_saver.py
[1.497s] -- Symlinking: /home/linux-dev/Desktop/FINAL WITH NAV/kbot_mk1/install/kbot/share/kbot/launch/slam_launch.py
[1.507s] -- Symlinking: /home/linux-dev/Desktop/FINAL WITH NAV/kbot_mk1/install/kbot/share/kbot/worlds/empty.world
[1.517s] -- Symlinking: /home/linux-dev/Desktop/FINAL WITH NAV/kbot_mk1/install/kbot/share/kbot/worlds/obstacles.world
[1.526s] -- Symlinking: /home/linux-dev/Desktop/FINAL WITH NAV/kbot_mk1/install/kbot/share/kbot/meshes/chassis_LP.stl
[1.536s] -- Symlinking: /home/linux-dev/Desktop/FINAL WITH NAV/kbot_mk1/install/kbot/share/kbot/meshes/wheel_L_LP.stl
[1.545s] -- Symlinking: /home/linux-dev/Desktop/FINAL WITH NAV/kbot_mk1/install/kbot/share/kbot/meshes/wheel_R_LP.stl
[1.555s] -- Symlinking: /home/linux-dev/Desktop/FINAL WITH NAV/kbot_mk1/install/kbot/share/ament_index/resource_index/package_run_dependencies/kbot
[1.564s] -- Symlinking: /home/linux-dev/Desktop/FINAL WITH NAV/kbot_mk1/install/kbot/share/ament_index/resource_index/parent_prefix_path/kbot
[1.574s] -- Symlinking: /home/linux-dev/Desktop/FINAL WITH NAV/kbot_mk1/install/kbot/share/kbot/environment/ament_prefix_path.sh
[1.584s] -- Symlinking: /home/linux-dev/Desktop/FINAL WITH NAV/kbot_mk1/install/kbot/share/kbot/environment/ament_prefix_path.dsv
[1.593s] -- Symlinking: /home/linux-dev/Desktop/FINAL WITH NAV/kbot_mk1/install/kbot/share/kbot/environment/path.sh
[1.605s] -- Symlinking: /home/linux-dev/Desktop/FINAL WITH NAV/kbot_mk1/install/kbot/share/kbot/environment/path.dsv
[1.615s] -- Symlinking: /home/linux-dev/Desktop/FINAL WITH NAV/kbot_mk1/install/kbot/share/kbot/local_setup.bash
[1.625s] -- Symlinking: /home/linux-dev/Desktop/FINAL WITH NAV/kbot_mk1/install/kbot/share/kbot/local_setup.sh
[1.635s] -- Symlinking: /home/linux-dev/Desktop/FINAL WITH NAV/kbot_mk1/install/kbot/share/kbot/local_setup.zsh
[1.644s] -- Symlinking: /home/linux-dev/Desktop/FINAL WITH NAV/kbot_mk1/install/kbot/share/kbot/local_setup.dsv
[1.654s] -- Symlinking: /home/linux-dev/Desktop/FINAL WITH NAV/kbot_mk1/install/kbot/share/kbot/package.dsv
[1.664s] -- Symlinking: /home/linux-dev/Desktop/FINAL WITH NAV/kbot_mk1/install/kbot/share/ament_index/resource_index/packages/kbot
[1.673s] -- Symlinking: /home/linux-dev/Desktop/FINAL WITH NAV/kbot_mk1/install/kbot/share/kbot/cmake/kbotConfig.cmake
[1.683s] -- Symlinking: /home/linux-dev/Desktop/FINAL WITH NAV/kbot_mk1/install/kbot/share/kbot/cmake/kbotConfig-version.cmake
[1.692s] -- Symlinking: /home/linux-dev/Desktop/FINAL WITH NAV/kbot_mk1/install/kbot/share/kbot/package.xml
[1.739s] Listing '/home/linux-dev/Desktop/FINAL WITH NAV/kbot_mk1/install/kbot/lib/python3.8/site-packages/kbot'...
[1.739s] Compiling '/home/linux-dev/Desktop/FINAL WITH NAV/kbot_mk1/install/kbot/lib/python3.8/site-packages/kbot/__init__.py'...
[1.747s] Invoked command in '/home/linux-dev/Desktop/FINAL WITH NAV/kbot_mk1/build/kbot' returned '0': CMAKE_PREFIX_PATH=/opt/ros/foxy /usr/bin/cmake --install /home/linux-dev/Desktop/FINAL WITH NAV/kbot_mk1/build/kbot
