-- Install configuration: ""
-- Execute custom install script
-- Up-to-date symlink: /home/linux-dev/Desktop/FINAL WITH NAV/kbot_mk1/install/kbot/share/kbot/environment/pythonpath.sh
-- Up-to-date symlink: /home/linux-dev/Desktop/FINAL WITH NAV/kbot_mk1/install/kbot/share/kbot/environment/pythonpath.dsv
-- Up-to-date symlink: /home/linux-dev/Desktop/FINAL WITH NAV/kbot_mk1/install/kbot/lib/python3.8/site-packages/kbot/__init__.py
-- Up-to-date symlink: /home/linux-dev/Desktop/FINAL WITH NAV/kbot_mk1/install/kbot/lib/kbot/kbot_rover.py
-- Up-to-date symlink: /home/linux-dev/Desktop/FINAL WITH NAV/kbot_mk1/install/kbot/share/kbot/config/joystick.yaml
-- Up-to-date symlink: /home/linux-dev/Desktop/FINAL WITH NAV/kbot_mk1/install/kbot/share/kbot/config/map_saver_params.yaml
-- Up-to-date symlink: /home/linux-dev/Desktop/FINAL WITH NAV/kbot_mk1/install/kbot/share/kbot/config/mapper_params_online_async.yaml
-- Up-to-date symlink: /home/linux-dev/Desktop/FINAL WITH NAV/kbot_mk1/install/kbot/share/kbot/config/nav2_params.yaml
-- Symlinking: /home/linux-dev/Desktop/FINAL WITH NAV/kbot_mk1/install/kbot/share/kbot/config/rplidar_params.yaml
-- Up-to-date symlink: /home/linux-dev/Desktop/FINAL WITH NAV/kbot_mk1/install/kbot/share/kbot/description/inertia.xacro
-- Up-to-date symlink: /home/linux-dev/Desktop/FINAL WITH NAV/kbot_mk1/install/kbot/share/kbot/description/kbot_rover.xacro
-- Up-to-date symlink: /home/linux-dev/Desktop/FINAL WITH NAV/kbot_mk1/install/kbot/share/kbot/description/lidar.xacro
-- Up-to-date symlink: /home/linux-dev/Desktop/FINAL WITH NAV/kbot_mk1/install/kbot/share/kbot/description/robot.urdf.xacro
-- Up-to-date symlink: /home/linux-dev/Desktop/FINAL WITH NAV/kbot_mk1/install/kbot/share/kbot/launch/joystick_launch.py
-- Up-to-date symlink: /home/linux-dev/Desktop/FINAL WITH NAV/kbot_mk1/install/kbot/share/kbot/launch/kbot_rsp_launch.py
-- Up-to-date symlink: /home/linux-dev/Desktop/FINAL WITH NAV/kbot_mk1/install/kbot/share/kbot/launch/map_saver.py
-- Up-to-date symlink: /home/linux-dev/Desktop/FINAL WITH NAV/kbot_mk1/install/kbot/share/kbot/launch/navigation_launch.py
-- Symlinking: /home/linux-dev/Desktop/FINAL WITH NAV/kbot_mk1/install/kbot/share/kbot/launch/rplidar_launch.py
-- Up-to-date symlink: /home/linux-dev/Desktop/FINAL WITH NAV/kbot_mk1/install/kbot/share/kbot/launch/slam_launch.py
-- Up-to-date symlink: /home/linux-dev/Desktop/FINAL WITH NAV/kbot_mk1/install/kbot/share/kbot/worlds/empty.world
-- Up-to-date symlink: /home/linux-dev/Desktop/FINAL WITH NAV/kbot_mk1/install/kbot/share/kbot/worlds/obstacles.world
-- Up-to-date symlink: /home/linux-dev/Desktop/FINAL WITH NAV/kbot_mk1/install/kbot/share/kbot/meshes/chassis_LP.stl
-- Up-to-date symlink: /home/linux-dev/Desktop/FINAL WITH NAV/kbot_mk1/install/kbot/share/kbot/meshes/wheel_L_LP.stl
-- Up-to-date symlink: /home/linux-dev/Desktop/FINAL WITH NAV/kbot_mk1/install/kbot/share/kbot/meshes/wheel_R_LP.stl
-- Up-to-date symlink: /home/linux-dev/Desktop/FINAL WITH NAV/kbot_mk1/install/kbot/share/ament_index/resource_index/package_run_dependencies/kbot
-- Up-to-date symlink: /home/linux-dev/Desktop/FINAL WITH NAV/kbot_mk1/install/kbot/share/ament_index/resource_index/parent_prefix_path/kbot
-- Up-to-date symlink: /home/linux-dev/Desktop/FINAL WITH NAV/kbot_mk1/install/kbot/share/kbot/environment/ament_prefix_path.sh
-- Up-to-date symlink: /home/linux-dev/Desktop/FINAL WITH NAV/kbot_mk1/install/kbot/share/kbot/environment/ament_prefix_path.dsv
-- Up-to-date symlink: /home/linux-dev/Desktop/FINAL WITH NAV/kbot_mk1/install/kbot/share/kbot/environment/path.sh
-- Up-to-date symlink: /home/linux-dev/Desktop/FINAL WITH NAV/kbot_mk1/install/kbot/share/kbot/environment/path.dsv
-- Up-to-date symlink: /home/linux-dev/Desktop/FINAL WITH NAV/kbot_mk1/install/kbot/share/kbot/local_setup.bash
-- Up-to-date symlink: /home/linux-dev/Desktop/FINAL WITH NAV/kbot_mk1/install/kbot/share/kbot/local_setup.sh
-- Up-to-date symlink: /home/linux-dev/Desktop/FINAL WITH NAV/kbot_mk1/install/kbot/share/kbot/local_setup.zsh
-- Up-to-date symlink: /home/linux-dev/Desktop/FINAL WITH NAV/kbot_mk1/install/kbot/share/kbot/local_setup.dsv
-- Symlinking: /home/linux-dev/Desktop/FINAL WITH NAV/kbot_mk1/install/kbot/share/kbot/package.dsv
-- Up-to-date symlink: /home/linux-dev/Desktop/FINAL WITH NAV/kbot_mk1/install/kbot/share/ament_index/resource_index/packages/kbot
-- Up-to-date symlink: /home/linux-dev/Desktop/FINAL WITH NAV/kbot_mk1/install/kbot/share/kbot/cmake/kbotConfig.cmake
-- Up-to-date symlink: /home/linux-dev/Desktop/FINAL WITH NAV/kbot_mk1/install/kbot/share/kbot/cmake/kbotConfig-version.cmake
-- Up-to-date symlink: /home/linux-dev/Desktop/FINAL WITH NAV/kbot_mk1/install/kbot/share/kbot/package.xml
Listing '/home/linux-dev/Desktop/FINAL WITH NAV/kbot_mk1/install/kbot/lib/python3.8/site-packages/kbot'...
