[0.023s] Invoking command in '/home/linux-dev/Desktop/FINAL WITH NAV/kbot_mk1/build/kbot': CMAKE_PREFIX_PATH=/opt/ros/foxy /usr/bin/cmake --build /home/linux-dev/Desktop/FINAL WITH NAV/kbot_mk1/build/kbot -- -j4 -l4
[0.113s] Invoked command in '/home/linux-dev/Desktop/FINAL WITH NAV/kbot_mk1/build/kbot' returned '0': CMAKE_PREFIX_PATH=/opt/ros/foxy /usr/bin/cmake --build /home/linux-dev/Desktop/FINAL WITH NAV/kbot_mk1/build/kbot -- -j4 -l4
[0.150s] Invoking command in '/home/linux-dev/Desktop/FINAL WITH NAV/kbot_mk1/build/kbot': CMAKE_PREFIX_PATH=/opt/ros/foxy /usr/bin/cmake --install /home/linux-dev/Desktop/FINAL WITH NAV/kbot_mk1/build/kbot
[0.160s] -- Install configuration: ""
[0.160s] -- Execute custom install script
[0.162s] -- Up-to-date symlink: /home/linux-dev/Desktop/FINAL WITH NAV/kbot_mk1/install/kbot/share/kbot/environment/pythonpath.sh
[0.162s] -- Up-to-date symlink: /home/linux-dev/Desktop/FINAL WITH NAV/kbot_mk1/install/kbot/share/kbot/environment/pythonpath.dsv
[0.164s] -- Up-to-date symlink: /home/linux-dev/Desktop/FINAL WITH NAV/kbot_mk1/install/kbot/lib/python3.8/site-packages/kbot/__init__.py
[0.164s] -- Up-to-date symlink: /home/linux-dev/Desktop/FINAL WITH NAV/kbot_mk1/install/kbot/lib/kbot/kbot_rover.py
[0.165s] -- Up-to-date symlink: /home/linux-dev/Desktop/FINAL WITH NAV/kbot_mk1/install/kbot/share/kbot/config/joystick.yaml
[0.166s] -- Up-to-date symlink: /home/linux-dev/Desktop/FINAL WITH NAV/kbot_mk1/install/kbot/share/kbot/config/map_saver_params.yaml
[0.166s] -- Up-to-date symlink: /home/linux-dev/Desktop/FINAL WITH NAV/kbot_mk1/install/kbot/share/kbot/config/mapper_params_online_async.yaml
[0.166s] -- Up-to-date symlink: /home/linux-dev/Desktop/FINAL WITH NAV/kbot_mk1/install/kbot/share/kbot/config/nav2_params.yaml
[0.167s] -- Symlinking: /home/linux-dev/Desktop/FINAL WITH NAV/kbot_mk1/install/kbot/share/kbot/config/rplidar_params.yaml
[0.178s] -- Up-to-date symlink: /home/linux-dev/Desktop/FINAL WITH NAV/kbot_mk1/install/kbot/share/kbot/description/inertia.xacro
[0.178s] -- Up-to-date symlink: /home/linux-dev/Desktop/FINAL WITH NAV/kbot_mk1/install/kbot/share/kbot/description/kbot_rover.xacro
[0.179s] -- Up-to-date symlink: /home/linux-dev/Desktop/FINAL WITH NAV/kbot_mk1/install/kbot/share/kbot/description/lidar.xacro
[0.179s] -- Up-to-date symlink: /home/linux-dev/Desktop/FINAL WITH NAV/kbot_mk1/install/kbot/share/kbot/description/robot.urdf.xacro
[0.180s] -- Up-to-date symlink: /home/linux-dev/Desktop/FINAL WITH NAV/kbot_mk1/install/kbot/share/kbot/launch/joystick_launch.py
[0.180s] -- Up-to-date symlink: /home/linux-dev/Desktop/FINAL WITH NAV/kbot_mk1/install/kbot/share/kbot/launch/kbot_rsp_launch.py
[0.181s] -- Up-to-date symlink: /home/linux-dev/Desktop/FINAL WITH NAV/kbot_mk1/install/kbot/share/kbot/launch/map_saver.py
[0.181s] -- Up-to-date symlink: /home/linux-dev/Desktop/FINAL WITH NAV/kbot_mk1/install/kbot/share/kbot/launch/navigation_launch.py
[0.181s] -- Symlinking: /home/linux-dev/Desktop/FINAL WITH NAV/kbot_mk1/install/kbot/share/kbot/launch/rplidar_launch.py
[0.192s] -- Up-to-date symlink: /home/linux-dev/Desktop/FINAL WITH NAV/kbot_mk1/install/kbot/share/kbot/launch/slam_launch.py
[0.193s] -- Up-to-date symlink: /home/linux-dev/Desktop/FINAL WITH NAV/kbot_mk1/install/kbot/share/kbot/worlds/empty.world
[0.193s] -- Up-to-date symlink: /home/linux-dev/Desktop/FINAL WITH NAV/kbot_mk1/install/kbot/share/kbot/worlds/obstacles.world
[0.194s] -- Up-to-date symlink: /home/linux-dev/Desktop/FINAL WITH NAV/kbot_mk1/install/kbot/share/kbot/meshes/chassis_LP.stl
[0.194s] -- Up-to-date symlink: /home/linux-dev/Desktop/FINAL WITH NAV/kbot_mk1/install/kbot/share/kbot/meshes/wheel_L_LP.stl
[0.194s] -- Up-to-date symlink: /home/linux-dev/Desktop/FINAL WITH NAV/kbot_mk1/install/kbot/share/kbot/meshes/wheel_R_LP.stl
[0.195s] -- Up-to-date symlink: /home/linux-dev/Desktop/FINAL WITH NAV/kbot_mk1/install/kbot/share/ament_index/resource_index/package_run_dependencies/kbot
[0.196s] -- Up-to-date symlink: /home/linux-dev/Desktop/FINAL WITH NAV/kbot_mk1/install/kbot/share/ament_index/resource_index/parent_prefix_path/kbot
[0.196s] -- Up-to-date symlink: /home/linux-dev/Desktop/FINAL WITH NAV/kbot_mk1/install/kbot/share/kbot/environment/ament_prefix_path.sh
[0.197s] -- Up-to-date symlink: /home/linux-dev/Desktop/FINAL WITH NAV/kbot_mk1/install/kbot/share/kbot/environment/ament_prefix_path.dsv
[0.197s] -- Up-to-date symlink: /home/linux-dev/Desktop/FINAL WITH NAV/kbot_mk1/install/kbot/share/kbot/environment/path.sh
[0.198s] -- Up-to-date symlink: /home/linux-dev/Desktop/FINAL WITH NAV/kbot_mk1/install/kbot/share/kbot/environment/path.dsv
[0.198s] -- Up-to-date symlink: /home/linux-dev/Desktop/FINAL WITH NAV/kbot_mk1/install/kbot/share/kbot/local_setup.bash
[0.198s] -- Up-to-date symlink: /home/linux-dev/Desktop/FINAL WITH NAV/kbot_mk1/install/kbot/share/kbot/local_setup.sh
[0.199s] -- Up-to-date symlink: /home/linux-dev/Desktop/FINAL WITH NAV/kbot_mk1/install/kbot/share/kbot/local_setup.zsh
[0.200s] -- Up-to-date symlink: /home/linux-dev/Desktop/FINAL WITH NAV/kbot_mk1/install/kbot/share/kbot/local_setup.dsv
[0.200s] -- Symlinking: /home/linux-dev/Desktop/FINAL WITH NAV/kbot_mk1/install/kbot/share/kbot/package.dsv
[0.211s] -- Up-to-date symlink: /home/linux-dev/Desktop/FINAL WITH NAV/kbot_mk1/install/kbot/share/ament_index/resource_index/packages/kbot
[0.211s] -- Up-to-date symlink: /home/linux-dev/Desktop/FINAL WITH NAV/kbot_mk1/install/kbot/share/kbot/cmake/kbotConfig.cmake
[0.212s] -- Up-to-date symlink: /home/linux-dev/Desktop/FINAL WITH NAV/kbot_mk1/install/kbot/share/kbot/cmake/kbotConfig-version.cmake
[0.212s] -- Up-to-date symlink: /home/linux-dev/Desktop/FINAL WITH NAV/kbot_mk1/install/kbot/share/kbot/package.xml
[0.245s] Listing '/home/linux-dev/Desktop/FINAL WITH NAV/kbot_mk1/install/kbot/lib/python3.8/site-packages/kbot'...
[0.251s] Invoked command in '/home/linux-dev/Desktop/FINAL WITH NAV/kbot_mk1/build/kbot' returned '0': CMAKE_PREFIX_PATH=/opt/ros/foxy /usr/bin/cmake --install /home/linux-dev/Desktop/FINAL WITH NAV/kbot_mk1/build/kbot
